Added Component: Designator=1(RZ7886 - duplicate)
Added Component: Designator=C1(RAD-0.3)
Added Component: Designator=D1(3.2X1.6X1.1)
Added Component: Designator=D2(3.2X1.6X1.1)
Added Component: Designator=P1(HDR1X6)
Added Component: Designator=P2(HDR1X2)
Added Component: Designator=R1(AXIAL-0.4)
Added Pin To Net: NetName=5V Pin=C1-1
Added Pin To Net: NetName=5V Pin=P1-2
Added Net: Name=5V
Added Pin To Net: NetName=GND Pin=1-3
Added Pin To Net: NetName=GND Pin=C1-2
Added Pin To Net: NetName=GND Pin=P1-5
Added Net: Name=GND
Added Pin To Net: NetName=NetD1_1 Pin=D1-1
Added Pin To Net: NetName=NetD1_1 Pin=D2-2
Added Pin To Net: NetName=NetD1_1 Pin=R1-2
Added Net: Name=NetD1_1
Added Pin To Net: NetName=O1 Pin=1-5
Added Pin To Net: NetName=O1 Pin=1-6
Added Pin To Net: NetName=O1 Pin=D1-2
Added Pin To Net: NetName=O1 Pin=D2-1
Added Pin To Net: NetName=O1 Pin=P1-1
Added Pin To Net: NetName=O1 Pin=P2-1
Added Net: Name=O1
Added Pin To Net: NetName=O2 Pin=1-7
Added Pin To Net: NetName=O2 Pin=1-8
Added Pin To Net: NetName=O2 Pin=P1-6
Added Pin To Net: NetName=O2 Pin=P2-2
Added Pin To Net: NetName=O2 Pin=R1-1
Added Net: Name=O2
Added Pin To Net: NetName=PA6 Pin=P1-4
Added Net: Name=PA6
Added Pin To Net: NetName=PA7 Pin=P1-3
Added Net: Name=PA7
Added Pin To Net: NetName=PB8 Pin=1-1
Added Net: Name=PB8
Added Pin To Net: NetName=PB9 Pin=1-2
Added Net: Name=PB9
Added Pin To Net: NetName=PWR Pin=1-4
Added Net: Name=PWR
Added Class: Name=Sheet1
Added Room: Name=Sheet1
