Build target 'Template'
compiling stm32f10x_it.c...
compiling system_stm32f10x.c...
compiling main.c...
adc.h(4): warning:  #1295-D: Deprecated declaration adc_init - give arg types
  void adc_init();
adc.h(5): warning:  #1-D: last line of file ends without a newline
  extern u32 adc_value[3];
main.c(10): warning:  #177-D: variable "i" was declared but never referenced
      u16 len,x,t,l,flag=1,i;
main.c(11): warning:  #177-D: variable "gg" was declared but never referenced
      u8 gg[2]={0x0d,0x0a};
main.c: 4 warnings, 0 errors
compiling pwm.c...
pwm.c(76): warning:  #177-D: variable "gpio_initure" was declared but never referenced
      GPIO_InitTypeDef gpio_initure;
pwm.c(78): warning:  #177-D: variable "tim_ociniture" was declared but never referenced
      TIM_OCInitTypeDef tim_ociniture;
pwm.c(244): warning:  #1-D: last line of file ends without a newline
  }
pwm.c: 3 warnings, 0 errors
compiling pid.c...
pid.c(77): warning:  #1-D: last line of file ends without a newline
  }
pid.c: 1 warning, 0 errors
compiling steer.c...
steer.c(2): warning:  #1-D: last line of file ends without a newline
  //pid以及电磁回环检测写在这里
steer.c: 1 warning, 0 errors
compiling adc.c...
adc.h(4): warning:  #1295-D: Deprecated declaration adc_init - give arg types
  void adc_init();
adc.h(5): warning:  #1-D: last line of file ends without a newline
  extern u32 adc_value[3];
adc.c(94): warning:  #550-D: variable "result" was set but never used
      float temp,result,filter_result;
adc.c(109): warning:  #1-D: last line of file ends without a newline
  */
adc.c: 4 warnings, 0 errors
compiling delay.c...
compiling sys.c...
compiling usart.c...
compiling core_cm3.c...
assembling startup_stm32f10x_hd.s...
compiling misc.c...
compiling stm32f10x_adc.c...
compiling stm32f10x_bkp.c...
compiling stm32f10x_can.c...
compiling stm32f10x_cec.c...
compiling stm32f10x_crc.c...
compiling stm32f10x_dac.c...
compiling stm32f10x_dbgmcu.c...
compiling stm32f10x_dma.c...
compiling stm32f10x_exti.c...
compiling stm32f10x_flash.c...
compiling stm32f10x_fsmc.c...
compiling stm32f10x_gpio.c...
compiling stm32f10x_i2c.c...
compiling stm32f10x_iwdg.c...
compiling stm32f10x_pwr.c...
compiling stm32f10x_rcc.c...
compiling stm32f10x_rtc.c...
compiling stm32f10x_sdio.c...
compiling stm32f10x_spi.c...
compiling stm32f10x_tim.c...
compiling stm32f10x_usart.c...
compiling stm32f10x_wwdg.c...
linking...
Program Size: Code=14272 RO-data=512 RW-data=100 ZI-data=2084  
FromELF: creating hex file...
"..\OBJ\Template.axf" - 0 Error(s), 13 Warning(s).
